#
# A fatal error has been detected by the Java Runtime Environment:
#
#  EXCEPTION_ACCESS_VIOLATION (0xc0000005) at pc=0x00007ffb3864a1f3, pid=8964, tid=7988
#
# JRE version: OpenJDK Runtime Environment Temurin-17.0.10+7 (17.0.10+7) (build 17.0.10+7)
# Java VM: OpenJDK 64-Bit Server VM Temurin-17.0.10+7 (17.0.10+7, mixed mode, tiered, compressed oops, compressed class ptrs, parallel gc, windows-amd64)
# Problematic frame:
# V  [jvm.dll+0x1ba1f3]
#
# No core dump will be written. Minidumps are not enabled by default on client versions of Windows
#
# If you would like to submit a bug report, please visit:
#   https://github.com/adoptium/adoptium-support/issues
#

---------------  S U M M A R Y ------------

Command Line: --add-modules=ALL-SYSTEM --add-opens=java.base/java.util=ALL-UNNAMED --add-opens=java.base/java.lang=ALL-UNNAMED --add-opens=java.base/sun.nio.fs=ALL-UNNAMED -Declipse.application=org.eclipse.jdt.ls.core.id1 -Dosgi.bundles.defaultStartLevel=4 -Declipse.product=org.eclipse.jdt.ls.core.product -Djava.import.generatesMetadataFilesAtProjectRoot=false -DDetectVMInstallationsJob.disabled=true -Dfile.encoding=utf8 -XX:+UseParallelGC -XX:GCTimeRatio=4 -XX:AdaptiveSizePolicyWeight=90 -Dsun.zip.disableMemoryMapping=true -Xmx1G -Xms100m -Xlog:disable -javaagent:c:\Users\Henry\.vscode\extensions\redhat.java-1.30.0-win32-x64\lombok\lombok-1.18.32.jar -XX:+HeapDumpOnOutOfMemoryError -XX:HeapDumpPath=c:\Users\Henry\AppData\Roaming\Code\User\workspaceStorage\fffe41e0cdc49d1f0c5456999632a639\redhat.java -Daether.dependencyCollector.impl=bf c:\Users\Henry\.vscode\extensions\redhat.java-1.30.0-win32-x64\server\plugins\org.eclipse.equinox.launcher_1.6.800.v20240330-1250.jar -configuration c:\Users\Henry\AppData\Roaming\Code\User\globalStorage\redhat.java\1.30.0\config_win -data c:\Users\Henry\AppData\Roaming\Code\User\workspaceStorage\fffe41e0cdc49d1f0c5456999632a639\redhat.java\jdt_ws --pipe=\\.\pipe\lsp-b5ac249e7ae60fea8863c9ef562e068a-sock

Host: 12th Gen Intel(R) Core(TM) i7-12700KF, 20 cores, 31G,  Windows 10 , 64 bit Build 19041 (10.0.19041.3636)
Time: Fri May 17 10:17:37 2024 Eastern Daylight Time elapsed time: 3553.558174 seconds (0d 0h 59m 13s)

---------------  T H R E A D  ---------------

Current thread (0x000001bbd4669ec0):  JavaThread "C2 CompilerThread2" daemon [_thread_in_native, id=7988, stack(0x00000015c9300000,0x00000015c9400000)]


Current CompileTask:
C2:3553558 35787       4       org.eclipse.jdt.internal.compiler.lookup.Scope::findMethodInSuperInterfaces (407 bytes)

Stack: [0x00000015c9300000,0x00000015c9400000],  sp=0x00000015c93fb4e0,  free space=1005k
Native frames: (J=compiled Java code, j=interpreted, Vv=VM code, C=native code)
V  [jvm.dll+0x1ba1f3]
V  [jvm.dll+0x1ba3c1]
V  [jvm.dll+0x1b5a91]
V  [jvm.dll+0x6a44c7]
V  [jvm.dll+0x6a2f0a]
V  [jvm.dll+0x5a0e69]
V  [jvm.dll+0x21beea]
V  [jvm.dll+0x219201]
V  [jvm.dll+0x1a502d]
V  [jvm.dll+0x2290de]
V  [jvm.dll+0x2272ac]
V  [jvm.dll+0x7e9bb7]
V  [jvm.dll+0x7e3fba]
V  [jvm.dll+0x67c1b5]
C  [ucrtbase.dll+0x21bb2]
C  [KERNEL32.DLL+0x17344]
C  [ntdll.dll+0x526b1]


siginfo: EXCEPTION_ACCESS_VIOLATION (0xc0000005), reading address 0x00007fbb38da7938


Registers:
RAX=0x00007fbb38da7928, RBX=0x000001bbdf8dcd30, RCX=0x000001bbdf8dcd30, RDX=0x000001bbc38e093c
RSP=0x00000015c93fb4e0, RBP=0x00000015c93fb539, RSI=0x0000000000000000, RDI=0x000000000000001b
R8 =0x0000000000000001, R9 =0x0000000000000000, R10=0x00007ffb99d60000, R11=0x000001bbc38e0b10
R12=0x000000000000000b, R13=0x000001bbdf8dcb50, R14=0x0000000000000020, R15=0x0000000000000004
RIP=0x00007ffb3864a1f3, EFLAGS=0x0000000000010206


Register to memory mapping:

RIP=0x00007ffb3864a1f3 jvm.dll
RAX=0x00007fbb38da7928 is an unknown value
RBX=0x000001bbdf8dcd30 points into unknown readable memory: 0x00007fbb38da7928 | 28 79 da 38 bb 7f 00 00
RCX=0x000001bbdf8dcd30 points into unknown readable memory: 0x00007fbb38da7928 | 28 79 da 38 bb 7f 00 00
RDX=0x000001bbc38e093c points into unknown readable memory: 01 00 70 02
RSP=0x00000015c93fb4e0 is pointing into the stack for thread: 0x000001bbd4669ec0
RBP=0x00000015c93fb539 is pointing into the stack for thread: 0x000001bbd4669ec0
RSI=0x0 is NULL
RDI=0x000000000000001b is an unknown value
R8 =0x0000000000000001 is an unknown value
R9 =0x0 is NULL
R10=0x00007ffb99d60000 VCRUNTIME140.dll
R11=0x000001bbc38e0b10 points into unknown readable memory: 0x000001bbdf8dcb50 | 50 cb 8d df bb 01 00 00
R12=0x000000000000000b is an unknown value
R13=0x000001bbdf8dcb50 points into unknown readable memory: 0x00007ffb38da7860 | 60 78 da 38 fb 7f 00 00
R14=0x0000000000000020 is an unknown value
R15=0x0000000000000004 is an unknown value


Top of Stack: (sp=0x00000015c93fb4e0)
0x00000015c93fb4e0:   000001bbc5ad9988 0000000000000008
0x00000015c93fb4f0:   0000000000000008 00000015c93fb558
0x00000015c93fb500:   000001bbc38e08a0 000001bbc38e44b8
0x00000015c93fb510:   000001bbd36970a0 00007ffb00000010
0x00000015c93fb520:   000001bbc38e0ad0 0000000000000008
0x00000015c93fb530:   0000001500000080 000001bbc38e08d0
0x00000015c93fb540:   0000000000000080 000001bbd36970a0
0x00000015c93fb550:   000001bbc38e44b8 00000015c93fb930
0x00000015c93fb560:   0000000000000007 00000015c93fb930
0x00000015c93fb570:   000001bbdd81f118 0000000000000002
0x00000015c93fb580:   0000000000000010 000001bbdd81f250
0x00000015c93fb590:   000001bbdd81f118 00007ffb3864a3c1
0x00000015c93fb5a0:   000001bbdd81f118 000001bbd36970a0
0x00000015c93fb5b0:   000001bbc38dc4d0 0000000000028310
0x00000015c93fb5c0:   000001bbdd81f5c8 000001bbc6d87cf8
0x00000015c93fb5d0:   0000000000000001 00007ffb38645a91
0x00000015c93fb5e0:   000001bbc6d87cf8 00000015c93fb900
0x00000015c93fb5f0:   000001bbdd81af28 000001bbc38dc4d0
0x00000015c93fb600:   000000000207191a 00007ffb38aeaeaa
0x00000015c93fb610:   0000000002071816 0000000000000035
0x00000015c93fb620:   000001bbdd81f118 000001bbc6d87cf8
0x00000015c93fb630:   0000000000000000 00007ffb3864968a
0x00000015c93fb640:   000001bbdd81f5c8 00000015c93fb930
0x00000015c93fb650:   000001bbdabd3b90 000001bbdc4cc388
0x00000015c93fb660:   0000000000000038 000001bba5b2c5f0
0x00000015c93fb670:   0000000000000000 0000000000000000
0x00000015c93fb680:   00000015c93fb930 0000000000000035
0x00000015c93fb690:   000001bbdd81f5c8 00007ffb38b344c7
0x00000015c93fb6a0:   000001bbdd81f5c8 00000015c93fb930
0x00000015c93fb6b0:   0000000000000001 00000015c93fb930
0x00000015c93fb6c0:   00000015c93fb930 00007ffb38b32f0a
0x00000015c93fb6d0:   00000015c93fe8f0 0000000000000035 

Instructions: (pc=0x00007ffb3864a1f3)
0x00007ffb3864a0f3:   33 c0 48 8b cb 41 8d 50 20 e8 1f 2a ef ff eb 04
0x00007ffb3864a103:   48 89 4b 18 44 8b 45 df 33 d2 49 c1 e0 03 48 8b
0x00007ffb3864a113:   c8 48 89 45 e7 e8 75 72 6d 00 48 8d 4d f7 c7 45
0x00007ffb3864a123:   ef 00 00 00 00 e8 13 3f 66 00 8b 5d ef 48 8b 46
0x00007ffb3864a133:   10 48 8b b8 d0 02 00 00 8d 43 01 89 45 ef 3b 5d
0x00007ffb3864a143:   df 72 0b 8b d3 48 8d 4d d7 e8 6f 09 4a 00 48 8b
0x00007ffb3864a153:   45 e7 48 89 3c d8 8b 7f 28 8b df c1 eb 05 3b 5d
0x00007ffb3864a163:   f7 72 0b 8b d3 48 8d 4d f7 e8 2f 3f 66 00 48 8b
0x00007ffb3864a173:   45 ff 83 e7 1f 4c 89 a4 24 90 00 00 00 4c 89 ac
0x00007ffb3864a183:   24 88 00 00 00 4c 89 b4 24 80 00 00 00 48 8d 14
0x00007ffb3864a193:   98 4c 89 7c 24 78 8b 02 0f ab f8 89 02 83 7d ef
0x00007ffb3864a1a3:   00 0f 84 d3 00 00 00 66 0f 1f 44 00 00 8b 45 ef
0x00007ffb3864a1b3:   45 33 ff ff c8 89 45 ef 8b c8 48 8b 45 e7 4c 8b
0x00007ffb3864a1c3:   2c c8 45 8b 65 20 45 85 e4 0f 84 a1 00 00 00 45
0x00007ffb3864a1d3:   33 f6 66 66 66 0f 1f 84 00 00 00 00 00 49 8b 5d
0x00007ffb3864a1e3:   10 49 8b 1c 1e 48 85 db 74 76 48 8b 03 48 8b cb
0x00007ffb3864a1f3:   ff 50 10 84 c0 74 69 48 3b 5d 67 0f 84 e3 00 00
0x00007ffb3864a203:   00 8b 73 28 8b fe c1 ef 05 3b 7d f7 72 0b 8b d7
0x00007ffb3864a213:   48 8d 4d f7 e8 84 3e 66 00 48 8b 45 ff 83 e6 1f
0x00007ffb3864a223:   48 8d 14 b8 40 0f b6 ce 41 b8 01 00 00 00 41 d3
0x00007ffb3864a233:   e0 8b 0a 8b c1 41 0b c0 89 02 41 85 c8 75 21 8b
0x00007ffb3864a243:   7d ef 8d 47 01 89 45 ef 3b 7d df 72 0b 8b d7 48
0x00007ffb3864a253:   8d 4d d7 e8 65 08 4a 00 48 8b 45 e7 48 89 1c f8
0x00007ffb3864a263:   41 ff c7 49 83 c6 08 45 3b fc 0f 82 6d ff ff ff
0x00007ffb3864a273:   83 7d ef 00 0f 85 33 ff ff ff b3 01 48 8b 75 77
0x00007ffb3864a283:   4c 8b 7c 24 78 4c 8b b4 24 80 00 00 00 4c 8b ac
0x00007ffb3864a293:   24 88 00 00 00 48 83 3e 00 4c 8b a4 24 90 00 00
0x00007ffb3864a2a3:   00 48 8b 7d 6f 74 14 48 8b 55 7f 48 8b cf e8 ca
0x00007ffb3864a2b3:   2a ef ff 48 8b ce e8 a2 2a ef ff 48 8b 45 c7 48
0x00007ffb3864a2c3:   39 47 18 74 10 48 89 47 18 48 8b 45 cf 48 89 47
0x00007ffb3864a2d3:   20 48 89 77 10 0f b6 c3 48 81 c4 98 00 00 00 5f
0x00007ffb3864a2e3:   5e 5b 5d c3 32 db eb 94 cc cc cc cc cc 40 55 41 


Stack slot to memory mapping:
stack at sp + 0 slots: 0x000001bbc5ad9988 points into unknown readable memory: 0x00007ffb38da7e08 | 08 7e da 38 fb 7f 00 00
stack at sp + 1 slots: 0x0000000000000008 is an unknown value
stack at sp + 2 slots: 0x0000000000000008 is an unknown value
stack at sp + 3 slots: 0x00000015c93fb558 is pointing into the stack for thread: 0x000001bbd4669ec0
stack at sp + 4 slots: 0x000001bbc38e08a0 points into unknown readable memory: 0x000001bbc4d923f8 | f8 23 d9 c4 bb 01 00 00
stack at sp + 5 slots: 0x000001bbc38e44b8 points into unknown readable memory: 0x08a88c615b30ed2a | 2a ed 30 5b 61 8c a8 08
stack at sp + 6 slots: 0x000001bbd36970a0 points into unknown readable memory: 0x005c003f00000006 | 06 00 00 00 3f 00 5c 00
stack at sp + 7 slots: 0x00007ffb00000010 is an unknown value


---------------  P R O C E S S  ---------------

Threads class SMR info:
_java_thread_list=0x000001bbc7c8b640, length=75, elements={
0x000001bba5b16b90, 0x000001bbb99aaf30, 0x000001bbb99acab0, 0x000001bbbedfe260,
0x000001bbbedfeff0, 0x000001bbbee00520, 0x000001bbbee02400, 0x000001bbbee07020,
0x000001bbbee09150, 0x000001bbbee10330, 0x000001bba5b77790, 0x000001bbc12ad830,
0x000001bbc1bbce00, 0x000001bbbef8b400, 0x000001bbbefa0840, 0x000001bbc21d6bd0,
0x000001bbc2199860, 0x000001bbc20f7900, 0x000001bbc20f9760, 0x000001bbc20fa180,
0x000001bbc20f9c70, 0x000001bbc20f7e10, 0x000001bbc20f9250, 0x000001bbc20f6ee0,
0x000001bbc20f73f0, 0x000001bbc31c8060, 0x000001bbc31cd160, 0x000001bbc31cdb80,
0x000001bbc31cefc0, 0x000001bbc31cc230, 0x000001bbc31cd670, 0x000001bbc31ceab0,
0x000001bbc31ccc50, 0x000001bbc31c9ec0, 0x000001bbc31cf4d0, 0x000001bbc31cc740,
0x000001bbc31cf9e0, 0x000001bbc31ce090, 0x000001bbc31ca3d0, 0x000001bbc31ce5a0,
0x000001bbc31c8570, 0x000001bbc31ca8e0, 0x000001bbc31c8f90, 0x000001bbc31c94a0,
0x000001bbc6a34e00, 0x000001bbc6a32a90, 0x000001bbc6d7aec0, 0x000001bbd35edfe0,
0x000001bbd35eef10, 0x000001bbd35f1ca0, 0x000001bbd35efe40, 0x000001bbd35f0d70,
0x000001bbd35f1280, 0x000001bbd35eb250, 0x000001bbd35f2bd0, 0x000001bbd35ee4f0,
0x000001bbd35eea00, 0x000001bbd35ebc70, 0x000001bbd35ef420, 0x000001bbc6a33ed0,
0x000001bbc6a35d30, 0x000001bbc6a343e0, 0x000001bbc6a38ac0, 0x000001bbd35f21b0,
0x000001bbd35eb760, 0x000001bbd35ec180, 0x000001bbd46713a0, 0x000001bbd4669ec0,
0x000001bbbef8a960, 0x000001bbbef89420, 0x000001bbbef87ee0, 0x000001bbdc27d680,
0x000001bbdc27e120, 0x000001bbdc27f110, 0x000001bbc4d16120
}

Java Threads: ( => current thread )
  0x000001bba5b16b90 JavaThread "main" [_thread_blocked, id=14548, stack(0x00000015c4500000,0x00000015c4600000)]
  0x000001bbb99aaf30 JavaThread "Reference Handler" daemon [_thread_blocked, id=11348, stack(0x00000015c4800000,0x00000015c4900000)]
  0x000001bbb99acab0 JavaThread "Finalizer" daemon [_thread_blocked, id=13864, stack(0x00000015c4900000,0x00000015c4a00000)]
  0x000001bbbedfe260 JavaThread "Signal Dispatcher" daemon [_thread_blocked, id=17304, stack(0x00000015c4a00000,0x00000015c4b00000)]
  0x000001bbbedfeff0 JavaThread "Attach Listener" daemon [_thread_blocked, id=7612, stack(0x00000015c4b00000,0x00000015c4c00000)]
  0x000001bbbee00520 JavaThread "Service Thread" daemon [_thread_blocked, id=14416, stack(0x00000015c4c00000,0x00000015c4d00000)]
  0x000001bbbee02400 JavaThread "Monitor Deflation Thread" daemon [_thread_blocked, id=12324, stack(0x00000015c4d00000,0x00000015c4e00000)]
  0x000001bbbee07020 JavaThread "C2 CompilerThread0" daemon [_thread_in_native, id=4664, stack(0x00000015c4e00000,0x00000015c4f00000)]
  0x000001bbbee09150 JavaThread "C1 CompilerThread0" daemon [_thread_blocked, id=12064, stack(0x00000015c4f00000,0x00000015c5000000)]
  0x000001bbbee10330 JavaThread "Sweeper thread" daemon [_thread_in_vm, id=14672, stack(0x00000015c5000000,0x00000015c5100000)]
  0x000001bba5b77790 JavaThread "Common-Cleaner" daemon [_thread_blocked, id=16376, stack(0x00000015c5100000,0x00000015c5200000)]
  0x000001bbc12ad830 JavaThread "Notification Thread" daemon [_thread_blocked, id=15352, stack(0x00000015c5600000,0x00000015c5700000)]
  0x000001bbc1bbce00 JavaThread "Active Thread: Equinox Container: d5366681-63f2-44f3-bd25-151c349e0675" [_thread_blocked, id=9128, stack(0x00000015c5d00000,0x00000015c5e00000)]
  0x000001bbbef8b400 JavaThread "Framework Event Dispatcher: Equinox Container: d5366681-63f2-44f3-bd25-151c349e0675" daemon [_thread_blocked, id=6988, stack(0x00000015c5200000,0x00000015c5300000)]
  0x000001bbbefa0840 JavaThread "Start Level: Equinox Container: d5366681-63f2-44f3-bd25-151c349e0675" daemon [_thread_blocked, id=17128, stack(0x00000015c5300000,0x00000015c5400000)]
  0x000001bbc21d6bd0 JavaThread "Bundle File Closer" daemon [_thread_blocked, id=12932, stack(0x00000015c5f00000,0x00000015c6000000)]
  0x000001bbc2199860 JavaThread "SCR Component Actor" daemon [_thread_blocked, id=1656, stack(0x00000015c6000000,0x00000015c6100000)]
  0x000001bbc20f7900 JavaThread "Worker-JM" [_thread_blocked, id=13460, stack(0x00000015c6900000,0x00000015c6a00000)]
  0x000001bbc20f9760 JavaThread "Java indexing" daemon [_thread_blocked, id=15276, stack(0x00000015c7100000,0x00000015c7200000)]
  0x000001bbc20fa180 JavaThread "JNA Cleaner" daemon [_thread_blocked, id=13268, stack(0x00000015c7200000,0x00000015c7300000)]
  0x000001bbc20f9c70 JavaThread "Thread-2" daemon [_thread_in_native, id=16448, stack(0x00000015c7300000,0x00000015c7400000)]
  0x000001bbc20f7e10 JavaThread "Thread-3" daemon [_thread_in_native, id=9036, stack(0x00000015c7400000,0x00000015c7500000)]
  0x000001bbc20f9250 JavaThread "Thread-4" daemon [_thread_in_native, id=12712, stack(0x00000015c7500000,0x00000015c7600000)]
  0x000001bbc20f6ee0 JavaThread "Thread-5" daemon [_thread_in_native, id=13236, stack(0x00000015c7600000,0x00000015c7700000)]
  0x000001bbc20f73f0 JavaThread "Thread-6" daemon [_thread_in_native, id=12292, stack(0x00000015c7700000,0x00000015c7800000)]
  0x000001bbc31c8060 JavaThread "Thread-7" daemon [_thread_in_native, id=14808, stack(0x00000015c7800000,0x00000015c7900000)]
  0x000001bbc31cd160 JavaThread "Thread-8" daemon [_thread_in_native, id=16832, stack(0x00000015c7900000,0x00000015c7a00000)]
  0x000001bbc31cdb80 JavaThread "Thread-9" daemon [_thread_in_native, id=17896, stack(0x00000015c7a00000,0x00000015c7b00000)]
  0x000001bbc31cefc0 JavaThread "Thread-10" daemon [_thread_in_native, id=1392, stack(0x00000015c7b00000,0x00000015c7c00000)]
  0x000001bbc31cc230 JavaThread "Thread-11" daemon [_thread_in_native, id=13408, stack(0x00000015c7c00000,0x00000015c7d00000)]
  0x000001bbc31cd670 JavaThread "Thread-12" daemon [_thread_in_native, id=13496, stack(0x00000015c7d00000,0x00000015c7e00000)]
  0x000001bbc31ceab0 JavaThread "Thread-13" daemon [_thread_in_native, id=17056, stack(0x00000015c7e00000,0x00000015c7f00000)]
  0x000001bbc31ccc50 JavaThread "Thread-14" daemon [_thread_in_native, id=16892, stack(0x00000015c7f00000,0x00000015c8000000)]
  0x000001bbc31c9ec0 JavaThread "Thread-15" daemon [_thread_in_native, id=10532, stack(0x00000015c8000000,0x00000015c8100000)]
  0x000001bbc31cf4d0 JavaThread "Thread-16" daemon [_thread_in_native, id=1380, stack(0x00000015c8100000,0x00000015c8200000)]
  0x000001bbc31cc740 JavaThread "Thread-17" daemon [_thread_in_native, id=15092, stack(0x00000015c8200000,0x00000015c8300000)]
  0x000001bbc31cf9e0 JavaThread "Thread-18" daemon [_thread_in_native, id=16956, stack(0x00000015c8300000,0x00000015c8400000)]
  0x000001bbc31ce090 JavaThread "Thread-19" daemon [_thread_in_native, id=13880, stack(0x00000015c8400000,0x00000015c8500000)]
  0x000001bbc31ca3d0 JavaThread "Thread-20" daemon [_thread_in_native, id=1496, stack(0x00000015c8500000,0x00000015c8600000)]
  0x000001bbc31ce5a0 JavaThread "Thread-21" daemon [_thread_in_native, id=15636, stack(0x00000015c8600000,0x00000015c8700000)]
  0x000001bbc31c8570 JavaThread "Thread-22" daemon [_thread_in_native, id=12476, stack(0x00000015c8700000,0x00000015c8800000)]
  0x000001bbc31ca8e0 JavaThread "pool-2-thread-1" [_thread_blocked, id=13316, stack(0x00000015c8800000,0x00000015c8900000)]
  0x000001bbc31c8f90 JavaThread "WorkspaceEventsHandler" [_thread_blocked, id=16740, stack(0x00000015c8900000,0x00000015c8a00000)]
  0x000001bbc31c94a0 JavaThread "pool-1-thread-1" [_thread_blocked, id=9076, stack(0x00000015c8a00000,0x00000015c8b00000)]
  0x000001bbc6a34e00 JavaThread "ForkJoinPool.commonPool-worker-2" daemon [_thread_blocked, id=5624, stack(0x00000015c9500000,0x00000015c9600000)]
  0x000001bbc6a32a90 JavaThread "ForkJoinPool.commonPool-worker-15" daemon [_thread_blocked, id=18608, stack(0x00000015ca400000,0x00000015ca500000)]
  0x000001bbc6d7aec0 JavaThread "Cleaner-0" daemon [_thread_blocked, id=18544, stack(0x00000015ca900000,0x00000015caa00000)]
  0x000001bbd35edfe0 JavaThread "ForkJoinPool.commonPool-worker-22" daemon [_thread_blocked, id=18680, stack(0x00000015c4300000,0x00000015c4400000)]
  0x000001bbd35eef10 JavaThread "ForkJoinPool.commonPool-worker-23" daemon [_thread_blocked, id=5636, stack(0x00000015c4400000,0x00000015c4500000)]
  0x000001bbd35f1ca0 JavaThread "ForkJoinPool.commonPool-worker-24" daemon [_thread_blocked, id=10292, stack(0x00000015c6200000,0x00000015c6300000)]
  0x000001bbd35efe40 JavaThread "ForkJoinPool.commonPool-worker-26" daemon [_thread_blocked, id=14108, stack(0x00000015c6400000,0x00000015c6500000)]
  0x000001bbd35f0d70 JavaThread "ForkJoinPool.commonPool-worker-27" daemon [_thread_blocked, id=16512, stack(0x00000015c6500000,0x00000015c6600000)]
  0x000001bbd35f1280 JavaThread "ForkJoinPool.commonPool-worker-28" daemon [_thread_blocked, id=9072, stack(0x00000015c6b00000,0x00000015c6c00000)]
  0x000001bbd35eb250 JavaThread "ForkJoinPool.commonPool-worker-29" daemon [_thread_blocked, id=19284, stack(0x00000015c6c00000,0x00000015c6d00000)]
  0x000001bbd35f2bd0 JavaThread "ForkJoinPool.commonPool-worker-30" daemon [_thread_blocked, id=13140, stack(0x00000015c6f00000,0x00000015c7000000)]
  0x000001bbd35ee4f0 JavaThread "ForkJoinPool.commonPool-worker-31" daemon [_thread_blocked, id=288, stack(0x00000015c7000000,0x00000015c7100000)]
  0x000001bbd35eea00 JavaThread "ForkJoinPool.commonPool-worker-32" daemon [_thread_blocked, id=9572, stack(0x00000015c8b00000,0x00000015c8c00000)]
  0x000001bbd35ebc70 JavaThread "ForkJoinPool.commonPool-worker-33" daemon [_thread_blocked, id=5584, stack(0x00000015c8c00000,0x00000015c8d00000)]
  0x000001bbd35ef420 JavaThread "ForkJoinPool.commonPool-worker-34" daemon [_thread_blocked, id=9608, stack(0x00000015c8d00000,0x00000015c8e00000)]
  0x000001bbc6a33ed0 JavaThread "ForkJoinPool.commonPool-worker-35" daemon [_thread_blocked, id=14448, stack(0x00000015c8e00000,0x00000015c8f00000)]
  0x000001bbc6a35d30 JavaThread "ForkJoinPool.commonPool-worker-36" daemon [_thread_blocked, id=12372, stack(0x00000015c8f00000,0x00000015c9000000)]
  0x000001bbc6a343e0 JavaThread "ForkJoinPool.commonPool-worker-37" daemon [_thread_in_Java, id=14168, stack(0x00000015c9000000,0x00000015c9100000)]
  0x000001bbc6a38ac0 JavaThread "ForkJoinPool.commonPool-worker-38" daemon [_thread_blocked, id=2076, stack(0x00000015c9100000,0x00000015c9200000)]
  0x000001bbd35f21b0 JavaThread "ForkJoinPool.commonPool-worker-40" daemon [_thread_blocked, id=16564, stack(0x00000015c4200000,0x00000015c4300000)]
  0x000001bbd35eb760 JavaThread "Worker-20" [_thread_blocked, id=4444, stack(0x00000015c6100000,0x00000015c6200000)]
  0x000001bbd35ec180 JavaThread "Worker-21" [_thread_blocked, id=18796, stack(0x00000015c6300000,0x00000015c6400000)]
  0x000001bbd46713a0 JavaThread "C2 CompilerThread1" daemon [_thread_in_native, id=12316, stack(0x00000015c9200000,0x00000015c9300000)]
=>0x000001bbd4669ec0 JavaThread "C2 CompilerThread2" daemon [_thread_in_native, id=7988, stack(0x00000015c9300000,0x00000015c9400000)]
  0x000001bbbef8a960 JavaThread "C2 CompilerThread3" daemon [_thread_in_native, id=14756, stack(0x00000015c9400000,0x00000015c9500000)]
  0x000001bbbef89420 JavaThread "C2 CompilerThread4" daemon [_thread_in_native, id=14576, stack(0x00000015c9600000,0x00000015c9700000)]
  0x000001bbbef87ee0 JavaThread "C2 CompilerThread5" daemon [_thread_in_native, id=11208, stack(0x00000015c9700000,0x00000015c9800000)]
  0x000001bbdc27d680 JavaThread "C2 CompilerThread6" daemon [_thread_in_native, id=2576, stack(0x00000015c9800000,0x00000015c9900000)]
  0x000001bbdc27e120 JavaThread "C1 CompilerThread1" daemon [_thread_blocked, id=12432, stack(0x00000015c9a00000,0x00000015c9b00000)]
  0x000001bbdc27f110 JavaThread "C1 CompilerThread2" daemon [_thread_blocked, id=7508, stack(0x00000015c9b00000,0x00000015c9c00000)]
  0x000001bbc4d16120 JavaThread "C2 CompilerThread7" daemon [_thread_in_native, id=16404, stack(0x00000015c9c00000,0x00000015c9d00000)]

Other Threads:
  0x000001bba5bc7ba0 VMThread "VM Thread" [stack: 0x00000015c4700000,0x00000015c4800000] [id=13628]
  0x000001bbc1321f70 WatcherThread [stack: 0x00000015c5700000,0x00000015c5800000] [id=15784]
  0x000001bba5b2c900 GCTaskThread "GC Thread#0" [stack: 0x00000015c4600000,0x00000015c4700000] [id=4752]
  0x000001bbc18e0e60 GCTaskThread "GC Thread#1" [stack: 0x00000015c5800000,0x00000015c5900000] [id=11660]
  0x000001bbc18f6bc0 GCTaskThread "GC Thread#2" [stack: 0x00000015c5900000,0x00000015c5a00000] [id=7640]
  0x000001bbc18ddf80 GCTaskThread "GC Thread#3" [stack: 0x00000015c5a00000,0x00000015c5b00000] [id=13848]
  0x000001bbc18de240 GCTaskThread "GC Thread#4" [stack: 0x00000015c5b00000,0x00000015c5c00000] [id=2980]
  0x000001bbc18f44b0 GCTaskThread "GC Thread#5" [stack: 0x00000015c5c00000,0x00000015c5d00000] [id=14620]
  0x000001bbc1ba1480 GCTaskThread "GC Thread#6" [stack: 0x00000015c5400000,0x00000015c5500000] [id=6716]
  0x000001bbc1ba2240 GCTaskThread "GC Thread#7" [stack: 0x00000015c5500000,0x00000015c5600000] [id=16736]
  0x000001bbc1ba1f80 GCTaskThread "GC Thread#8" [stack: 0x00000015c5e00000,0x00000015c5f00000] [id=12252]
  0x000001bbc1ba2a80 GCTaskThread "GC Thread#9" [stack: 0x00000015c6600000,0x00000015c6700000] [id=14276]
  0x000001bbc1ba1a00 GCTaskThread "GC Thread#10" [stack: 0x00000015c6700000,0x00000015c6800000] [id=17844]
  0x000001bbc1ba2d40 GCTaskThread "GC Thread#11" [stack: 0x00000015c6800000,0x00000015c6900000] [id=12228]
  0x000001bbc1ba11c0 GCTaskThread "GC Thread#12" [stack: 0x00000015c6a00000,0x00000015c6b00000] [id=2956]
  0x000001bbc1a9c1b0 GCTaskThread "GC Thread#13" [stack: 0x00000015c6d00000,0x00000015c6e00000] [id=16628]
  0x000001bbc1a9b970 GCTaskThread "GC Thread#14" [stack: 0x00000015c6e00000,0x00000015c6f00000] [id=11652]

Threads with active compile tasks:
C2 CompilerThread0  3553582 35763       4       org.eclipse.jdt.internal.compiler.lookup.CompilationUnitScope::faultInImports (1201 bytes)
C2 CompilerThread1  3553582 35809       4       org.eclipse.jdt.internal.compiler.ast.ASTNode::resolvePolyExpressionArguments0 (467 bytes)
C2 CompilerThread2  3553582 35787       4       org.eclipse.jdt.internal.compiler.lookup.Scope::findMethodInSuperInterfaces (407 bytes)
C2 CompilerThread3  3553582 35722       4       org.eclipse.jdt.internal.compiler.lookup.Scope::getTypeOrPackage (1729 bytes)
C2 CompilerThread4  3553582 35813   !   4       org.eclipse.jdt.internal.compiler.lookup.Scope::getBinding (1527 bytes)
C2 CompilerThread5  3553582 35726   !   4       lombok.eclipse.agent.PatchExtensionMethod::resolveType (870 bytes)
C2 CompilerThread6  3553582 35819       4       org.eclipse.jdt.internal.compiler.lookup.Scope::tagAsAccessingEnclosingInstanceStateOf (304 bytes)
C2 CompilerThread7  3553582 35832       4       org.eclipse.jdt.internal.compiler.lookup.BinaryTypeBinding::resolveTypesFor (248 bytes)

VM state: not at safepoint (normal execution)

VM Mutex/Monitor currently owned by a thread:  ([mutex/lock_event])
[0x000001bba5b11a40] CompiledIC_lock - owner thread: 0x0000000000000000

Heap address: 0x00000000c0000000, size: 1024 MB, Compressed Oops mode: 32-bit

CDS archive(s) not mapped
Compressed class space mapped at: 0x0000000100000000-0x0000000140000000, reserved size: 1073741824
Narrow klass base: 0x0000000000000000, Narrow klass shift: 3, Narrow klass range: 0x140000000

GC Precious Log:
 CPUs: 20 total, 20 available
 Memory: 32612M
 Large Page Support: Disabled
 NUMA Support: Disabled
 Compressed Oops: Enabled (32-bit)
 Alignments: Space 512K, Generation 512K, Heap 2M
 Heap Min Capacity: 100M
 Heap Initial Capacity: 100M
 Heap Max Capacity: 1G
 Pre-touch: Disabled
 Parallel Workers: 15

Heap:
 PSYoungGen      total 7168K, used 2744K [0x00000000eab00000, 0x00000000eb500000, 0x0000000100000000)
  eden space 5632K, 27% used [0x00000000eab00000,0x00000000eac86058,0x00000000eb080000)
  from space 1536K, 77% used [0x00000000eb380000,0x00000000eb4a8000,0x00000000eb500000)
  to   space 2048K, 0% used [0x00000000eb100000,0x00000000eb100000,0x00000000eb300000)
 ParOldGen       total 300032K, used 275584K [0x00000000c0000000, 0x00000000d2500000, 0x00000000eab00000)
  object space 300032K, 91% used [0x00000000c0000000,0x00000000d0d201d0,0x00000000d2500000)
 Metaspace       used 107442K, committed 108992K, reserved 1179648K
  class space    used 10360K, committed 11072K, reserved 1048576K

Card table byte_map: [0x000001bba54b0000,0x000001bba56c0000] _byte_map_base: 0x000001bba4eb0000

Marking Bits: (ParMarkBitMap*) 0x00007ffb3902d7d0
 Begin Bits: [0x000001bbb77b0000, 0x000001bbb87b0000)
 End Bits:   [0x000001bbb87b0000, 0x000001bbb97b0000)

Polling page: 0x000001bba36d0000

Metaspace:

Usage:
  Non-class:     94.81 MB used.
      Class:     10.12 MB used.
       Both:    104.92 MB used.

Virtual space:
  Non-class space:      128.00 MB reserved,      95.62 MB ( 75%) committed,  2 nodes.
      Class space:        1.00 GB reserved,      10.81 MB (  1%) committed,  1 nodes.
             Both:        1.12 GB reserved,     106.44 MB (  9%) committed. 

Chunk freelists:
   Non-Class:  352.00 KB
       Class:  5.25 MB
        Both:  5.60 MB

MaxMetaspaceSize: unlimited
CompressedClassSpaceSize: 1.00 GB
Initial GC threshold: 21.00 MB
Current GC threshold: 177.31 MB
CDS: off
MetaspaceReclaimPolicy: balanced
 - commit_granule_bytes: 65536.
 - commit_granule_words: 8192.
 - virtual_space_node_default_size: 8388608.
 - enlarge_chunks_in_place: 1.
 - new_chunks_are_fully_committed: 0.
 - uncommit_free_chunks: 1.
 - use_allocation_guard: 0.
 - handle_deallocations: 1.


Internal statistics:

num_allocs_failed_limit: 9.
num_arena_births: 1584.
num_arena_deaths: 570.
num_vsnodes_births: 3.
num_vsnodes_deaths: 0.
num_space_committed: 1703.
num_space_uncommitted: 0.
num_chunks_returned_to_freelist: 705.
num_chunks_taken_from_freelist: 6643.
num_chunk_merges: 248.
num_chunk_splits: 3775.
num_chunks_enlarged: 1972.
num_inconsistent_stats: 0.

CodeHeap 'non-profiled nmethods': size=119168Kb used=35523Kb max_used=38291Kb free=83644Kb
 bounds [0x000001bbb0350000, 0x000001bbb28f0000, 0x000001bbb77b0000]
CodeHeap 'profiled nmethods': size=119104Kb used=54437Kb max_used=54440Kb free=64666Kb
 bounds [0x000001bba87b0000, 0x000001bbabd00000, 0x000001bbafc00000]
CodeHeap 'non-nmethods': size=7488Kb used=2593Kb max_used=3304Kb free=4894Kb
 bounds [0x000001bbafc00000, 0x000001bbaff40000, 0x000001bbb0350000]
 total_blobs=25526 nmethods=24696 adapters=735
 compilation: enabled
              stopped_count=0, restarted_count=0
 full_count=0

Compilation events (20 events):
Event: 3553.539 Thread 0x000001bbd4669ec0 35787       4       org.eclipse.jdt.internal.compiler.lookup.Scope::findMethodInSuperInterfaces (407 bytes)
Event: 3553.540 Thread 0x000001bbdc27f110 35805       3       org.eclipse.jdt.internal.compiler.lookup.TypeBound::isBound (9 bytes)
Event: 3553.540 Thread 0x000001bbdc27f110 nmethod 35805 0x000001bbaaa24710 code [0x000001bbaaa248c0, 0x000001bbaaa24a88]
Event: 3553.542 Thread 0x000001bbdc27f110 35806       3       org.eclipse.jdt.internal.compiler.lookup.InferenceContext18::isSameSite (51 bytes)
Event: 3553.542 Thread 0x000001bbdc27f110 nmethod 35806 0x000001bbab1ea190 code [0x000001bbab1ea380, 0x000001bbab1ea918]
Event: 3553.542 Thread 0x000001bbdc27f110 35807       3       org.eclipse.jdt.internal.compiler.lookup.InferenceSubstitution::isInSites (41 bytes)
Event: 3553.542 Thread 0x000001bbdc27e120 35808       2       org.eclipse.jdt.internal.compiler.lookup.BoundSet::addBounds (49 bytes)
Event: 3553.542 Thread 0x000001bbdc27f110 nmethod 35807 0x000001bbaad55b90 code [0x000001bbaad55d40, 0x000001bbaad55fe8]
Event: 3553.542 Thread 0x000001bbdc27e120 nmethod 35808 0x000001bbaa3e5190 code [0x000001bbaa3e5340, 0x000001bbaa3e5598]
Event: 3553.543 Thread 0x000001bbbee09150 35810       3       org.eclipse.jdt.internal.compiler.ast.SingleNameReference::computeConversion (205 bytes)
Event: 3553.545 Thread 0x000001bbbee09150 nmethod 35810 0x000001bbabbe0710 code [0x000001bbabbe0a80, 0x000001bbabbe2628]
Event: 3553.547 Thread 0x000001bbdc27f110 35811       3       org.eclipse.jdt.internal.compiler.ast.StringLiteral::append (69 bytes)
Event: 3553.547 Thread 0x000001bbdc27f110 nmethod 35811 0x000001bba971f790 code [0x000001bba971f980, 0x000001bba971ff98]
Event: 3553.549 Thread 0x000001bbbee09150 35814       2       org.eclipse.jdt.internal.compiler.ast.ArrayReference::resolveType (162 bytes)
Event: 3553.549 Thread 0x000001bbbee09150 nmethod 35814 0x000001bbaa427a90 code [0x000001bbaa427cc0, 0x000001bbaa428218]
Event: 3553.550 Thread 0x000001bbbee09150 35816       3       org.eclipse.jdt.internal.compiler.lookup.InferenceSubstitution::substitute (105 bytes)
Event: 3553.550 Thread 0x000001bbbee09150 nmethod 35816 0x000001bba959f110 code [0x000001bba959f340, 0x000001bba959fba8]
Event: 3553.552 Thread 0x000001bbbee09150 35817       3       org.eclipse.jdt.internal.compiler.lookup.BoundSet::superTypesWithCommonGenericType (156 bytes)
Event: 3553.553 Thread 0x000001bbbee09150 nmethod 35817 0x000001bba9dfcd90 code [0x000001bba9dfd020, 0x000001bba9dfdf78]
Event: 3553.554 Thread 0x000001bbbee09150 35818       3       org.eclipse.jdt.internal.compiler.ast.MessageSend::registerResult (29 bytes)

GC Heap History (20 events):
Event: 3553.407 GC heap before
{Heap before GC invocations=9781 (full 242):
 PSYoungGen      total 3584K, used 3215K [0x00000000eab00000, 0x00000000eb080000, 0x0000000100000000)
  eden space 2048K, 100% used [0x00000000eab00000,0x00000000ead00000,0x00000000ead00000)
  from space 1536K, 76% used [0x00000000ead00000,0x00000000eae23f60,0x00000000eae80000)
  to   space 1536K, 0% used [0x00000000eaf00000,0x00000000eaf00000,0x00000000eb080000)
 ParOldGen       total 300032K, used 267603K [0x00000000c0000000, 0x00000000d2500000, 0x00000000eab00000)
  object space 300032K, 89% used [0x00000000c0000000,0x00000000d0554f98,0x00000000d2500000)
 Metaspace       used 107419K, committed 108992K, reserved 1179648K
  class space    used 10357K, committed 11072K, reserved 1048576K
}
Event: 3553.408 GC heap after
{Heap after GC invocations=9781 (full 242):
 PSYoungGen      total 4096K, used 1057K [0x00000000eab00000, 0x00000000eb080000, 0x0000000100000000)
  eden space 2560K, 0% used [0x00000000eab00000,0x00000000eab00000,0x00000000ead80000)
  from space 1536K, 68% used [0x00000000eaf00000,0x00000000eb008438,0x00000000eb080000)
  to   space 1536K, 0% used [0x00000000ead80000,0x00000000ead80000,0x00000000eaf00000)
 ParOldGen       total 300032K, used 268115K [0x00000000c0000000, 0x00000000d2500000, 0x00000000eab00000)
  object space 300032K, 89% used [0x00000000c0000000,0x00000000d05d4f98,0x00000000d2500000)
 Metaspace       used 107419K, committed 108992K, reserved 1179648K
  class space    used 10357K, committed 11072K, reserved 1048576K
}
Event: 3553.411 GC heap before
{Heap before GC invocations=9782 (full 242):
 PSYoungGen      total 4096K, used 3617K [0x00000000eab00000, 0x00000000eb080000, 0x0000000100000000)
  eden space 2560K, 100% used [0x00000000eab00000,0x00000000ead80000,0x00000000ead80000)
  from space 1536K, 68% used [0x00000000eaf00000,0x00000000eb008438,0x00000000eb080000)
  to   space 1536K, 0% used [0x00000000ead80000,0x00000000ead80000,0x00000000eaf00000)
 ParOldGen       total 300032K, used 268115K [0x00000000c0000000, 0x00000000d2500000, 0x00000000eab00000)
  object space 300032K, 89% used [0x00000000c0000000,0x00000000d05d4f98,0x00000000d2500000)
 Metaspace       used 107421K, committed 108992K, reserved 1179648K
  class space    used 10357K, committed 11072K, reserved 1048576K
}
Event: 3553.411 GC heap after
{Heap after GC invocations=9782 (full 242):
 PSYoungGen      total 4096K, used 616K [0x00000000eab00000, 0x00000000eb000000, 0x0000000100000000)
  eden space 2560K, 0% used [0x00000000eab00000,0x00000000eab00000,0x00000000ead80000)
  from space 1536K, 40% used [0x00000000ead80000,0x00000000eae1a388,0x00000000eaf00000)
  to   space 1024K, 0% used [0x00000000eaf00000,0x00000000eaf00000,0x00000000eb000000)
 ParOldGen       total 300032K, used 268691K [0x00000000c0000000, 0x00000000d2500000, 0x00000000eab00000)
  object space 300032K, 89% used [0x00000000c0000000,0x00000000d0664fa8,0x00000000d2500000)
 Metaspace       used 107421K, committed 108992K, reserved 1179648K
  class space    used 10357K, committed 11072K, reserved 1048576K
}
Event: 3553.415 GC heap before
{Heap before GC invocations=9783 (full 242):
 PSYoungGen      total 4096K, used 3176K [0x00000000eab00000, 0x00000000eb000000, 0x0000000100000000)
  eden space 2560K, 100% used [0x00000000eab00000,0x00000000ead80000,0x00000000ead80000)
  from space 1536K, 40% used [0x00000000ead80000,0x00000000eae1a388,0x00000000eaf00000)
  to   space 1024K, 0% used [0x00000000eaf00000,0x00000000eaf00000,0x00000000eb000000)
 ParOldGen       total 300032K, used 268691K [0x00000000c0000000, 0x00000000d2500000, 0x00000000eab00000)
  object space 300032K, 89% used [0x00000000c0000000,0x00000000d0664fa8,0x00000000d2500000)
 Metaspace       used 107421K, committed 108992K, reserved 1179648K
  class space    used 10357K, committed 11072K, reserved 1048576K
}
Event: 3553.416 GC heap after
{Heap after GC invocations=9783 (full 242):
 PSYoungGen      total 4096K, used 672K [0x00000000eab00000, 0x00000000eb000000, 0x0000000100000000)
  eden space 3072K, 0% used [0x00000000eab00000,0x00000000eab00000,0x00000000eae00000)
  from space 1024K, 65% used [0x00000000eaf00000,0x00000000eafa8000,0x00000000eb000000)
  to   space 1024K, 0% used [0x00000000eae00000,0x00000000eae00000,0x00000000eaf00000)
 ParOldGen       total 300032K, used 269019K [0x00000000c0000000, 0x00000000d2500000, 0x00000000eab00000)
  object space 300032K, 89% used [0x00000000c0000000,0x00000000d06b6fb8,0x00000000d2500000)
 Metaspace       used 107421K, committed 108992K, reserved 1179648K
  class space    used 10357K, committed 11072K, reserved 1048576K
}
Event: 3553.420 GC heap before
{Heap before GC invocations=9784 (full 242):
 PSYoungGen      total 4096K, used 3744K [0x00000000eab00000, 0x00000000eb000000, 0x0000000100000000)
  eden space 3072K, 100% used [0x00000000eab00000,0x00000000eae00000,0x00000000eae00000)
  from space 1024K, 65% used [0x00000000eaf00000,0x00000000eafa8000,0x00000000eb000000)
  to   space 1024K, 0% used [0x00000000eae00000,0x00000000eae00000,0x00000000eaf00000)
 ParOldGen       total 300032K, used 269019K [0x00000000c0000000, 0x00000000d2500000, 0x00000000eab00000)
  object space 300032K, 89% used [0x00000000c0000000,0x00000000d06b6fb8,0x00000000d2500000)
 Metaspace       used 107421K, committed 108992K, reserved 1179648K
  class space    used 10357K, committed 11072K, reserved 1048576K
}
Event: 3553.421 GC heap after
{Heap after GC invocations=9784 (full 242):
 PSYoungGen      total 4096K, used 672K [0x00000000eab00000, 0x00000000eb100000, 0x0000000100000000)
  eden space 3072K, 0% used [0x00000000eab00000,0x00000000eab00000,0x00000000eae00000)
  from space 1024K, 65% used [0x00000000eae00000,0x00000000eaea8000,0x00000000eaf00000)
  to   space 1024K, 0% used [0x00000000eb000000,0x00000000eb000000,0x00000000eb100000)
 ParOldGen       total 300032K, used 269435K [0x00000000c0000000, 0x00000000d2500000, 0x00000000eab00000)
  object space 300032K, 89% used [0x00000000c0000000,0x00000000d071efb8,0x00000000d2500000)
 Metaspace       used 107421K, committed 108992K, reserved 1179648K
  class space    used 10357K, committed 11072K, reserved 1048576K
}
Event: 3553.427 GC heap before
{Heap before GC invocations=9785 (full 242):
 PSYoungGen      total 4096K, used 3744K [0x00000000eab00000, 0x00000000eb100000, 0x0000000100000000)
  eden space 3072K, 100% used [0x00000000eab00000,0x00000000eae00000,0x00000000eae00000)
  from space 1024K, 65% used [0x00000000eae00000,0x00000000eaea8000,0x00000000eaf00000)
  to   space 1024K, 0% used [0x00000000eb000000,0x00000000eb000000,0x00000000eb100000)
 ParOldGen       total 300032K, used 269435K [0x00000000c0000000, 0x00000000d2500000, 0x00000000eab00000)
  object space 300032K, 89% used [0x00000000c0000000,0x00000000d071efb8,0x00000000d2500000)
 Metaspace       used 107421K, committed 108992K, reserved 1179648K
  class space    used 10357K, committed 11072K, reserved 1048576K
}
Event: 3553.428 GC heap after
{Heap after GC invocations=9785 (full 242):
 PSYoungGen      total 5120K, used 736K [0x00000000eab00000, 0x00000000eb100000, 0x0000000100000000)
  eden space 4096K, 0% used [0x00000000eab00000,0x00000000eab00000,0x00000000eaf00000)
  from space 1024K, 71% used [0x00000000eb000000,0x00000000eb0b8000,0x00000000eb100000)
  to   space 1024K, 0% used [0x00000000eaf00000,0x00000000eaf00000,0x00000000eb000000)
 ParOldGen       total 300032K, used 269875K [0x00000000c0000000, 0x00000000d2500000, 0x00000000eab00000)
  object space 300032K, 89% used [0x00000000c0000000,0x00000000d078cfb8,0x00000000d2500000)
 Metaspace       used 107421K, committed 108992K, reserved 1179648K
  class space    used 10357K, committed 11072K, reserved 1048576K
}
Event: 3553.442 GC heap before
{Heap before GC invocations=9786 (full 242):
 PSYoungGen      total 5120K, used 4832K [0x00000000eab00000, 0x00000000eb100000, 0x0000000100000000)
  eden space 4096K, 100% used [0x00000000eab00000,0x00000000eaf00000,0x00000000eaf00000)
  from space 1024K, 71% used [0x00000000eb000000,0x00000000eb0b8000,0x00000000eb100000)
  to   space 1024K, 0% used [0x00000000eaf00000,0x00000000eaf00000,0x00000000eb000000)
 ParOldGen       total 300032K, used 269875K [0x00000000c0000000, 0x00000000d2500000, 0x00000000eab00000)
  object space 300032K, 89% used [0x00000000c0000000,0x00000000d078cfb8,0x00000000d2500000)
 Metaspace       used 107422K, committed 108992K, reserved 1179648K
  class space    used 10357K, committed 11072K, reserved 1048576K
}
Event: 3553.444 GC heap after
{Heap after GC invocations=9786 (full 242):
 PSYoungGen      total 5120K, used 1024K [0x00000000eab00000, 0x00000000eb380000, 0x0000000100000000)
  eden space 4096K, 0% used [0x00000000eab00000,0x00000000eab00000,0x00000000eaf00000)
  from space 1024K, 100% used [0x00000000eaf00000,0x00000000eb000000,0x00000000eb000000)
  to   space 2048K, 0% used [0x00000000eb180000,0x00000000eb180000,0x00000000eb380000)
 ParOldGen       total 300032K, used 270379K [0x00000000c0000000, 0x00000000d2500000, 0x00000000eab00000)
  object space 300032K, 90% used [0x00000000c0000000,0x00000000d080af98,0x00000000d2500000)
 Metaspace       used 107422K, committed 108992K, reserved 1179648K
  class space    used 10357K, committed 11072K, reserved 1048576K
}
Event: 3553.459 GC heap before
{Heap before GC invocations=9787 (full 242):
 PSYoungGen      total 5120K, used 5120K [0x00000000eab00000, 0x00000000eb380000, 0x0000000100000000)
  eden space 4096K, 100% used [0x00000000eab00000,0x00000000eaf00000,0x00000000eaf00000)
  from space 1024K, 100% used [0x00000000eaf00000,0x00000000eb000000,0x00000000eb000000)
  to   space 2048K, 0% used [0x00000000eb180000,0x00000000eb180000,0x00000000eb380000)
 ParOldGen       total 300032K, used 270379K [0x00000000c0000000, 0x00000000d2500000, 0x00000000eab00000)
  object space 300032K, 90% used [0x00000000c0000000,0x00000000d080af98,0x00000000d2500000)
 Metaspace       used 107425K, committed 108992K, reserved 1179648K
  class space    used 10358K, committed 11072K, reserved 1048576K
}
Event: 3553.461 GC heap after
{Heap after GC invocations=9787 (full 242):
 PSYoungGen      total 6144K, used 1104K [0x00000000eab00000, 0x00000000eb300000, 0x0000000100000000)
  eden space 4608K, 0% used [0x00000000eab00000,0x00000000eab00000,0x00000000eaf80000)
  from space 1536K, 71% used [0x00000000eb180000,0x00000000eb294020,0x00000000eb300000)
  to   space 1536K, 0% used [0x00000000eb000000,0x00000000eb000000,0x00000000eb180000)
 ParOldGen       total 300032K, used 271243K [0x00000000c0000000, 0x00000000d2500000, 0x00000000eab00000)
  object space 300032K, 90% used [0x00000000c0000000,0x00000000d08e2f98,0x00000000d2500000)
 Metaspace       used 107425K, committed 108992K, reserved 1179648K
  class space    used 10358K, committed 11072K, reserved 1048576K
}
Event: 3553.489 GC heap before
{Heap before GC invocations=9788 (full 242):
 PSYoungGen      total 6144K, used 5712K [0x00000000eab00000, 0x00000000eb300000, 0x0000000100000000)
  eden space 4608K, 100% used [0x00000000eab00000,0x00000000eaf80000,0x00000000eaf80000)
  from space 1536K, 71% used [0x00000000eb180000,0x00000000eb294020,0x00000000eb300000)
  to   space 1536K, 0% used [0x00000000eb000000,0x00000000eb000000,0x00000000eb180000)
 ParOldGen       total 300032K, used 271243K [0x00000000c0000000, 0x00000000d2500000, 0x00000000eab00000)
  object space 300032K, 90% used [0x00000000c0000000,0x00000000d08e2f98,0x00000000d2500000)
 Metaspace       used 107429K, committed 108992K, reserved 1179648K
  class space    used 10358K, committed 11072K, reserved 1048576K
}
Event: 3553.490 GC heap after
{Heap after GC invocations=9788 (full 242):
 PSYoungGen      total 6656K, used 1504K [0x00000000eab00000, 0x00000000eb400000, 0x0000000100000000)
  eden space 5120K, 0% used [0x00000000eab00000,0x00000000eab00000,0x00000000eb000000)
  from space 1536K, 97% used [0x00000000eb000000,0x00000000eb178020,0x00000000eb180000)
  to   space 2048K, 0% used [0x00000000eb200000,0x00000000eb200000,0x00000000eb400000)
 ParOldGen       total 300032K, used 271587K [0x00000000c0000000, 0x00000000d2500000, 0x00000000eab00000)
  object space 300032K, 90% used [0x00000000c0000000,0x00000000d0938fa8,0x00000000d2500000)
 Metaspace       used 107429K, committed 108992K, reserved 1179648K
  class space    used 10358K, committed 11072K, reserved 1048576K
}
Event: 3553.518 GC heap before
{Heap before GC invocations=9789 (full 242):
 PSYoungGen      total 6656K, used 6624K [0x00000000eab00000, 0x00000000eb400000, 0x0000000100000000)
  eden space 5120K, 100% used [0x00000000eab00000,0x00000000eb000000,0x00000000eb000000)
  from space 1536K, 97% used [0x00000000eb000000,0x00000000eb178020,0x00000000eb180000)
  to   space 2048K, 0% used [0x00000000eb200000,0x00000000eb200000,0x00000000eb400000)
 ParOldGen       total 300032K, used 271587K [0x00000000c0000000, 0x00000000d2500000, 0x00000000eab00000)
  object space 300032K, 90% used [0x00000000c0000000,0x00000000d0938fa8,0x00000000d2500000)
 Metaspace       used 107429K, committed 108992K, reserved 1179648K
  class space    used 10358K, committed 11072K, reserved 1048576K
}
Event: 3553.519 GC heap after
{Heap after GC invocations=9789 (full 242):
 PSYoungGen      total 7168K, used 1408K [0x00000000eab00000, 0x00000000eb480000, 0x0000000100000000)
  eden space 5120K, 0% used [0x00000000eab00000,0x00000000eab00000,0x00000000eb000000)
  from space 2048K, 68% used [0x00000000eb200000,0x00000000eb360010,0x00000000eb400000)
  to   space 2048K, 0% used [0x00000000eb000000,0x00000000eb000000,0x00000000eb200000)
 ParOldGen       total 300032K, used 273107K [0x00000000c0000000, 0x00000000d2500000, 0x00000000eab00000)
  object space 300032K, 91% used [0x00000000c0000000,0x00000000d0ab4fd8,0x00000000d2500000)
 Metaspace       used 107429K, committed 108992K, reserved 1179648K
  class space    used 10358K, committed 11072K, reserved 1048576K
}
Event: 3553.545 GC heap before
{Heap before GC invocations=9790 (full 242):
 PSYoungGen      total 7168K, used 6528K [0x00000000eab00000, 0x00000000eb480000, 0x0000000100000000)
  eden space 5120K, 100% used [0x00000000eab00000,0x00000000eb000000,0x00000000eb000000)
  from space 2048K, 68% used [0x00000000eb200000,0x00000000eb360010,0x00000000eb400000)
  to   space 2048K, 0% used [0x00000000eb000000,0x00000000eb000000,0x00000000eb200000)
 ParOldGen       total 300032K, used 273107K [0x00000000c0000000, 0x00000000d2500000, 0x00000000eab00000)
  object space 300032K, 91% used [0x00000000c0000000,0x00000000d0ab4fd8,0x00000000d2500000)
 Metaspace       used 107432K, committed 108992K, reserved 1179648K
  class space    used 10358K, committed 11072K, reserved 1048576K
}
Event: 3553.546 GC heap after
{Heap after GC invocations=9790 (full 242):
 PSYoungGen      total 7168K, used 2016K [0x00000000eab00000, 0x00000000eb680000, 0x0000000100000000)
  eden space 5120K, 0% used [0x00000000eab00000,0x00000000eab00000,0x00000000eb000000)
  from space 2048K, 98% used [0x00000000eb000000,0x00000000eb1f8030,0x00000000eb200000)
  to   space 3072K, 0% used [0x00000000eb380000,0x00000000eb380000,0x00000000eb680000)
 ParOldGen       total 300032K, used 273515K [0x00000000c0000000, 0x00000000d2500000, 0x00000000eab00000)
  object space 300032K, 91% used [0x00000000c0000000,0x00000000d0b1afd8,0x00000000d2500000)
 Metaspace       used 107432K, committed 108992K, reserved 1179648K
  class space    used 10358K, committed 11072K, reserved 1048576K
}

Dll operation events (12 events):
Event: 0.005 Loaded shared library c:\Users\Henry\.vscode\extensions\redhat.java-1.30.0-win32-x64\jre\17.0.10-win32-x86_64\bin\java.dll
Event: 0.080 Loaded shared library c:\Users\Henry\.vscode\extensions\redhat.java-1.30.0-win32-x64\jre\17.0.10-win32-x86_64\bin\zip.dll
Event: 0.082 Loaded shared library C:\Users\Henry\.vscode\extensions\redhat.java-1.30.0-win32-x64\jre\17.0.10-win32-x86_64\bin\instrument.dll
Event: 0.088 Loaded shared library C:\Users\Henry\.vscode\extensions\redhat.java-1.30.0-win32-x64\jre\17.0.10-win32-x86_64\bin\net.dll
Event: 0.089 Loaded shared library C:\Users\Henry\.vscode\extensions\redhat.java-1.30.0-win32-x64\jre\17.0.10-win32-x86_64\bin\nio.dll
Event: 0.093 Loaded shared library C:\Users\Henry\.vscode\extensions\redhat.java-1.30.0-win32-x64\jre\17.0.10-win32-x86_64\bin\zip.dll
Event: 0.101 Loaded shared library C:\Users\Henry\.vscode\extensions\redhat.java-1.30.0-win32-x64\jre\17.0.10-win32-x86_64\bin\jimage.dll
Event: 0.133 Loaded shared library c:\Users\Henry\.vscode\extensions\redhat.java-1.30.0-win32-x64\jre\17.0.10-win32-x86_64\bin\verify.dll
Event: 1.939 Loaded shared library C:\Users\Henry\AppData\Roaming\Code\User\globalStorage\redhat.java\1.30.0\config_win\org.eclipse.equinox.launcher\org.eclipse.equinox.launcher.win32.win32.x86_64_1.2.900.v20240213-1244\eclipse_11900.dll
Event: 6.024 Loaded shared library C:\Users\Henry\AppData\Local\Temp\jna-69611768\jna2904756690596255692.dll
Event: 6.322 Loaded shared library C:\Users\Henry\.vscode\extensions\redhat.java-1.30.0-win32-x64\jre\17.0.10-win32-x86_64\bin\sunmscapi.dll
Event: 6.364 Loaded shared library C:\Users\Henry\.vscode\extensions\redhat.java-1.30.0-win32-x64\jre\17.0.10-win32-x86_64\bin\extnet.dll

Deoptimization events (20 events):
Event: 3553.537 Thread 0x000001bbc6a343e0 Uncommon trap: trap_request=0xffffffde fr.pc=0x000001bbb224c7a0 relative=0x0000000000001540
Event: 3553.537 Thread 0x000001bbc6a343e0 Uncommon trap: reason=class_check action=maybe_recompile pc=0x000001bbb224c7a0 method=org.eclipse.jdt.internal.compiler.ast.SingleTypeReference.getTypeBinding(Lorg/eclipse/jdt/internal/compiler/lookup/Scope;)Lorg/eclipse/jdt/internal/compiler/lookup/TypeB
Event: 3553.537 Thread 0x000001bbc6a343e0 DEOPT PACKING pc=0x000001bbb224c7a0 sp=0x00000015c90fdca0
Event: 3553.537 Thread 0x000001bbc6a343e0 DEOPT UNPACKING pc=0x000001bbafc566a3 sp=0x00000015c90fdc00 mode 2
Event: 3553.537 Thread 0x000001bbc6a343e0 Uncommon trap: trap_request=0xffffffde fr.pc=0x000001bbb224c7a0 relative=0x0000000000001540
Event: 3553.537 Thread 0x000001bbc6a343e0 Uncommon trap: reason=class_check action=maybe_recompile pc=0x000001bbb224c7a0 method=org.eclipse.jdt.internal.compiler.ast.SingleTypeReference.getTypeBinding(Lorg/eclipse/jdt/internal/compiler/lookup/Scope;)Lorg/eclipse/jdt/internal/compiler/lookup/TypeB
Event: 3553.537 Thread 0x000001bbc6a343e0 DEOPT PACKING pc=0x000001bbb224c7a0 sp=0x00000015c90fdca0
Event: 3553.537 Thread 0x000001bbc6a343e0 DEOPT UNPACKING pc=0x000001bbafc566a3 sp=0x00000015c90fdc00 mode 2
Event: 3553.537 Thread 0x000001bbc6a343e0 Uncommon trap: trap_request=0xffffffde fr.pc=0x000001bbb224c7a0 relative=0x0000000000001540
Event: 3553.537 Thread 0x000001bbc6a343e0 Uncommon trap: reason=class_check action=maybe_recompile pc=0x000001bbb224c7a0 method=org.eclipse.jdt.internal.compiler.ast.SingleTypeReference.getTypeBinding(Lorg/eclipse/jdt/internal/compiler/lookup/Scope;)Lorg/eclipse/jdt/internal/compiler/lookup/TypeB
Event: 3553.537 Thread 0x000001bbc6a343e0 DEOPT PACKING pc=0x000001bbb224c7a0 sp=0x00000015c90fdc00
Event: 3553.537 Thread 0x000001bbc6a343e0 DEOPT UNPACKING pc=0x000001bbafc566a3 sp=0x00000015c90fdb60 mode 2
Event: 3553.538 Thread 0x000001bbc6a343e0 Uncommon trap: trap_request=0xffffffde fr.pc=0x000001bbb224c7a0 relative=0x0000000000001540
Event: 3553.538 Thread 0x000001bbc6a343e0 Uncommon trap: reason=class_check action=maybe_recompile pc=0x000001bbb224c7a0 method=org.eclipse.jdt.internal.compiler.ast.SingleTypeReference.getTypeBinding(Lorg/eclipse/jdt/internal/compiler/lookup/Scope;)Lorg/eclipse/jdt/internal/compiler/lookup/TypeB
Event: 3553.538 Thread 0x000001bbc6a343e0 DEOPT PACKING pc=0x000001bbb224c7a0 sp=0x00000015c90fdc00
Event: 3553.538 Thread 0x000001bbc6a343e0 DEOPT UNPACKING pc=0x000001bbafc566a3 sp=0x00000015c90fdb60 mode 2
Event: 3553.539 Thread 0x000001bbc6a343e0 Uncommon trap: trap_request=0xffffff45 fr.pc=0x000001bbb090947c relative=0x000000000000045c
Event: 3553.539 Thread 0x000001bbc6a343e0 Uncommon trap: reason=unstable_if action=reinterpret pc=0x000001bbb090947c method=org.eclipse.jdt.internal.compiler.ast.SingleNameReference.computeConversion(Lorg/eclipse/jdt/internal/compiler/lookup/Scope;Lorg/eclipse/jdt/internal/compiler/lookup/TypeBin
Event: 3553.539 Thread 0x000001bbc6a343e0 DEOPT PACKING pc=0x000001bbb090947c sp=0x00000015c90fdab0
Event: 3553.539 Thread 0x000001bbc6a343e0 DEOPT UNPACKING pc=0x000001bbafc566a3 sp=0x00000015c90fda68 mode 2

Classes unloaded (20 events):
Event: 1619.632 Thread 0x000001bba5bc7ba0 Unloading class 0x0000000100128c00 'jdk/internal/reflect/GeneratedMethodAccessor4'
Event: 1619.632 Thread 0x000001bba5bc7ba0 Unloading class 0x0000000100128800 'jdk/internal/reflect/GeneratedMethodAccessor3'
Event: 1619.632 Thread 0x000001bba5bc7ba0 Unloading class 0x0000000100128400 'jdk/internal/reflect/GeneratedMethodAccessor2'
Event: 1619.632 Thread 0x000001bba5bc7ba0 Unloading class 0x0000000100128000 'jdk/internal/reflect/GeneratedMethodAccessor1'
Event: 2529.076 Thread 0x000001bba5bc7ba0 Unloading class 0x00000001009f7800 'java/lang/invoke/LambdaForm$MH+0x00000001009f7800'
Event: 2746.552 Thread 0x000001bba5bc7ba0 Unloading class 0x0000000100932000 'java/lang/invoke/LambdaForm$MH+0x0000000100932000'
Event: 2746.552 Thread 0x000001bba5bc7ba0 Unloading class 0x00000001009c4000 'java/lang/invoke/LambdaForm$MH+0x00000001009c4000'
Event: 2746.552 Thread 0x000001bba5bc7ba0 Unloading class 0x00000001009eec00 'java/lang/invoke/LambdaForm$MH+0x00000001009eec00'
Event: 2746.552 Thread 0x000001bba5bc7ba0 Unloading class 0x00000001009f1800 'java/lang/invoke/LambdaForm$MH+0x00000001009f1800'
Event: 2746.552 Thread 0x000001bba5bc7ba0 Unloading class 0x00000001009f2400 'java/lang/invoke/LambdaForm$MH+0x00000001009f2400'
Event: 2746.552 Thread 0x000001bba5bc7ba0 Unloading class 0x00000001009f4000 'java/lang/invoke/LambdaForm$MH+0x00000001009f4000'
Event: 2874.864 Thread 0x000001bba5bc7ba0 Unloading class 0x0000000100309800 'java/lang/invoke/LambdaForm$MH+0x0000000100309800'
Event: 2874.864 Thread 0x000001bba5bc7ba0 Unloading class 0x000000010030a400 'java/lang/invoke/LambdaForm$MH+0x000000010030a400'
Event: 2874.864 Thread 0x000001bba5bc7ba0 Unloading class 0x000000010030ec00 'java/lang/invoke/LambdaForm$MH+0x000000010030ec00'
Event: 2874.864 Thread 0x000001bba5bc7ba0 Unloading class 0x0000000100310000 'java/lang/invoke/LambdaForm$MH+0x0000000100310000'
Event: 2874.864 Thread 0x000001bba5bc7ba0 Unloading class 0x0000000100311400 'java/lang/invoke/LambdaForm$MH+0x0000000100311400'
Event: 2874.864 Thread 0x000001bba5bc7ba0 Unloading class 0x0000000100311800 'java/lang/invoke/LambdaForm$MH+0x0000000100311800'
Event: 2874.864 Thread 0x000001bba5bc7ba0 Unloading class 0x00000001009fc000 'java/lang/invoke/LambdaForm$MH+0x00000001009fc000'
Event: 2874.864 Thread 0x000001bba5bc7ba0 Unloading class 0x0000000100a29000 'java/lang/invoke/LambdaForm$MH+0x0000000100a29000'
Event: 3102.101 Thread 0x000001bba5bc7ba0 Unloading class 0x00000001007f8c00 'jdk/internal/reflect/GeneratedConstructorAccessor88'

Classes redefined (0 events):
No events

Internal exceptions (20 events):
Event: 3552.414 Thread 0x000001bbc6a343e0 Exception <a 'java/lang/ClassCastException'{0x00000000eace6838}> (0x00000000eace6838) 
thrown [s\src\hotspot\share\runtime\sharedRuntime.cpp, line 631]
Event: 3552.436 Thread 0x000001bbc6a343e0 Implicit null exception at 0x000001bbb0fa7a27 to 0x000001bbb0fa92fc
Event: 3552.672 Thread 0x000001bbc6a343e0 Exception <a 'java/lang/NoSuchMethodError'{0x00000000eaba8760}: 'int java.lang.invoke.DirectMethodHandle$Holder.invokeSpecial(java.lang.Object, java.lang.Object, int)'> (0x00000000eaba8760) 
thrown [s\src\hotspot\share\interpreter\linkResolver.cpp, line 759]
Event: 3553.025 Thread 0x000001bbc6a343e0 Exception <a 'java/lang/ArrayIndexOutOfBoundsException'{0x00000000ead4c7c8}: Index 12 out of bounds for length 12> (0x00000000ead4c7c8) 
thrown [s\src\hotspot\share\interpreter\interpreterRuntime.cpp, line 428]
Event: 3553.026 Thread 0x000001bbc6a343e0 Exception <a 'java/lang/ArrayIndexOutOfBoundsException'{0x00000000ead50f00}: Index 13 out of bounds for length 13> (0x00000000ead50f00) 
thrown [s\src\hotspot\share\interpreter\interpreterRuntime.cpp, line 428]
Event: 3553.026 Thread 0x000001bbc6a343e0 Exception <a 'java/lang/ArrayIndexOutOfBoundsException'{0x00000000ead557e8}: Index 13 out of bounds for length 13> (0x00000000ead557e8) 
thrown [s\src\hotspot\share\interpreter\interpreterRuntime.cpp, line 428]
Event: 3553.026 Thread 0x000001bbc6a343e0 Exception <a 'java/lang/ArrayIndexOutOfBoundsException'{0x00000000ead59e88}: Index 12 out of bounds for length 12> (0x00000000ead59e88) 
thrown [s\src\hotspot\share\interpreter\interpreterRuntime.cpp, line 428]
Event: 3553.026 Thread 0x000001bbc6a343e0 Exception <a 'java/lang/ArrayIndexOutOfBoundsException'{0x00000000ead5e540}: Index 14 out of bounds for length 14> (0x00000000ead5e540) 
thrown [s\src\hotspot\share\interpreter\interpreterRuntime.cpp, line 428]
Event: 3553.026 Thread 0x000001bbc6a343e0 Exception <a 'java/lang/ArrayIndexOutOfBoundsException'{0x00000000ead62ee0}: Index 15 out of bounds for length 15> (0x00000000ead62ee0) 
thrown [s\src\hotspot\share\interpreter\interpreterRuntime.cpp, line 428]
Event: 3553.026 Thread 0x000001bbc6a343e0 Exception <a 'java/lang/ArrayIndexOutOfBoundsException'{0x00000000ead67598}: Index 16 out of bounds for length 16> (0x00000000ead67598) 
thrown [s\src\hotspot\share\interpreter\interpreterRuntime.cpp, line 428]
Event: 3553.026 Thread 0x000001bbc6a343e0 Exception <a 'java/lang/ArrayIndexOutOfBoundsException'{0x00000000ead6bc50}: Index 14 out of bounds for length 14> (0x00000000ead6bc50) 
thrown [s\src\hotspot\share\interpreter\interpreterRuntime.cpp, line 428]
Event: 3553.066 Thread 0x000001bbc6a343e0 Exception <a 'java/lang/ArrayIndexOutOfBoundsException'{0x00000000eab891f8}> (0x00000000eab891f8) 
thrown [s\src\hotspot\share\runtime\sharedRuntime.cpp, line 631]
Event: 3553.066 Thread 0x000001bbc6a343e0 Exception <a 'java/lang/ArrayIndexOutOfBoundsException'{0x00000000eab8c290}> (0x00000000eab8c290) 
thrown [s\src\hotspot\share\runtime\sharedRuntime.cpp, line 631]
Event: 3553.066 Thread 0x000001bbc6a343e0 Exception <a 'java/lang/ArrayIndexOutOfBoundsException'{0x00000000eab90d10}> (0x00000000eab90d10) 
thrown [s\src\hotspot\share\runtime\sharedRuntime.cpp, line 631]
Event: 3553.066 Thread 0x000001bbc6a343e0 Exception <a 'java/lang/ArrayIndexOutOfBoundsException'{0x00000000eab93dc0}> (0x00000000eab93dc0) 
thrown [s\src\hotspot\share\runtime\sharedRuntime.cpp, line 631]
Event: 3553.066 Thread 0x000001bbc6a343e0 Exception <a 'java/lang/ArrayIndexOutOfBoundsException'{0x00000000eab984c0}> (0x00000000eab984c0) 
thrown [s\src\hotspot\share\runtime\sharedRuntime.cpp, line 631]
Event: 3553.066 Thread 0x000001bbc6a343e0 Exception <a 'java/lang/ArrayIndexOutOfBoundsException'{0x00000000eab9b578}> (0x00000000eab9b578) 
thrown [s\src\hotspot\share\runtime\sharedRuntime.cpp, line 631]
Event: 3553.066 Thread 0x000001bbc6a343e0 Exception <a 'java/lang/ArrayIndexOutOfBoundsException'{0x00000000eaba0020}> (0x00000000eaba0020) 
thrown [s\src\hotspot\share\runtime\sharedRuntime.cpp, line 631]
Event: 3553.066 Thread 0x000001bbc6a343e0 Exception <a 'java/lang/ArrayIndexOutOfBoundsException'{0x00000000eaba30c8}> (0x00000000eaba30c8) 
thrown [s\src\hotspot\share\runtime\sharedRuntime.cpp, line 631]
Event: 3553.149 Thread 0x000001bbc6a343e0 Implicit null exception at 0x000001bbb12ecd84 to 0x000001bbb12ef3d0

VM Operations (20 events):
Event: 3553.415 Executing VM operation: ParallelGCFailedAllocation
Event: 3553.416 Executing VM operation: ParallelGCFailedAllocation done
Event: 3553.420 Executing VM operation: ParallelGCFailedAllocation
Event: 3553.421 Executing VM operation: ParallelGCFailedAllocation done
Event: 3553.427 Executing VM operation: ParallelGCFailedAllocation
Event: 3553.428 Executing VM operation: ParallelGCFailedAllocation done
Event: 3553.441 Executing VM operation: ParallelGCFailedAllocation
Event: 3553.444 Executing VM operation: ParallelGCFailedAllocation done
Event: 3553.459 Executing VM operation: ParallelGCFailedAllocation
Event: 3553.461 Executing VM operation: ParallelGCFailedAllocation done
Event: 3553.472 Executing VM operation: HandshakeAllThreads
Event: 3553.472 Executing VM operation: HandshakeAllThreads done
Event: 3553.489 Executing VM operation: ParallelGCFailedAllocation
Event: 3553.490 Executing VM operation: ParallelGCFailedAllocation done
Event: 3553.518 Executing VM operation: ParallelGCFailedAllocation
Event: 3553.519 Executing VM operation: ParallelGCFailedAllocation done
Event: 3553.536 Executing VM operation: HandshakeAllThreads
Event: 3553.536 Executing VM operation: HandshakeAllThreads done
Event: 3553.545 Executing VM operation: ParallelGCFailedAllocation
Event: 3553.546 Executing VM operation: ParallelGCFailedAllocation done

Events (20 events):
Event: 3553.504 Thread 0x000001bbbee10330 flushing nmethod 0x000001bbaa3e5190
Event: 3553.504 Thread 0x000001bbbee10330 flushing nmethod 0x000001bbaa411990
Event: 3553.504 Thread 0x000001bbbee10330 flushing nmethod 0x000001bbaa427410
Event: 3553.505 Thread 0x000001bbbee10330 flushing nmethod 0x000001bbaa5f3e90
Event: 3553.508 Thread 0x000001bbbee10330 flushing nmethod 0x000001bbaaa16f90
Event: 3553.510 Thread 0x000001bbbee10330 flushing nmethod 0x000001bbaae58410
Event: 3553.511 Thread 0x000001bbbee10330 flushing nmethod 0x000001bbaafc4690
Event: 3553.512 Thread 0x000001bbbee10330 flushing nmethod 0x000001bbab1e9e90
Event: 3553.513 Thread 0x000001bbbee10330 flushing nmethod 0x000001bbab26ec10
Event: 3553.513 Thread 0x000001bbbee10330 flushing nmethod 0x000001bbab347590
Event: 3553.514 Thread 0x000001bbbee10330 flushing nmethod 0x000001bbab48da10
Event: 3553.514 Thread 0x000001bbbee10330 flushing nmethod 0x000001bbab48ee10
Event: 3553.514 Thread 0x000001bbbee10330 flushing nmethod 0x000001bbab4bfe90
Event: 3553.514 Thread 0x000001bbbee10330 flushing nmethod 0x000001bbab52cf90
Event: 3553.515 Thread 0x000001bbbee10330 flushing nmethod 0x000001bbab582b10
Event: 3553.515 Thread 0x000001bbbee10330 flushing nmethod 0x000001bbab5fe810
Event: 3553.517 Thread 0x000001bbbee10330 flushing nmethod 0x000001bbab8dee90
Event: 3553.518 Thread 0x000001bbbee10330 flushing nmethod 0x000001bbab9f6c90
Event: 3553.520 Thread 0x000001bbbee10330 flushing nmethod 0x000001bbabbdfe90
Event: 3553.520 Thread 0x000001bbbee10330 flushing nmethod 0x000001bbabbe6b10


Dynamic libraries:
0x00007ff631630000 - 0x00007ff63163e000 	c:\Users\Henry\.vscode\extensions\redhat.java-1.30.0-win32-x64\jre\17.0.10-win32-x86_64\bin\java.exe
0x00007ffbb6ed0000 - 0x00007ffbb70c8000 	C:\Windows\SYSTEM32\ntdll.dll
0x00007ffbb57b0000 - 0x00007ffbb586d000 	C:\Windows\System32\KERNEL32.DLL
0x00007ffbb4870000 - 0x00007ffbb4b66000 	C:\Windows\System32\KERNELBASE.dll
0x00007ffbb4580000 - 0x00007ffbb4680000 	C:\Windows\System32\ucrtbase.dll
0x00007ffb99d80000 - 0x00007ffb99d97000 	c:\Users\Henry\.vscode\extensions\redhat.java-1.30.0-win32-x64\jre\17.0.10-win32-x86_64\bin\jli.dll
0x00007ffb99d60000 - 0x00007ffb99d7b000 	c:\Users\Henry\.vscode\extensions\redhat.java-1.30.0-win32-x64\jre\17.0.10-win32-x86_64\bin\VCRUNTIME140.dll
0x00007ffbb5900000 - 0x00007ffbb5a9e000 	C:\Windows\System32\USER32.dll
0x00007ffbb4ed0000 - 0x00007ffbb4ef2000 	C:\Windows\System32\win32u.dll
0x00007ffbb51b0000 - 0x00007ffbb51db000 	C:\Windows\System32\GDI32.dll
0x00007ffbb3c10000 - 0x00007ffbb3eaa000 	C:\Windows\WinSxS\amd64_microsoft.windows.common-controls_6595b64144ccf1df_6.0.19041.3636_none_60b6a03d71f818d5\COMCTL32.dll
0x00007ffbb4d60000 - 0x00007ffbb4e77000 	C:\Windows\System32\gdi32full.dll
0x00007ffbb6ca0000 - 0x00007ffbb6d3e000 	C:\Windows\System32\msvcrt.dll
0x00007ffbb4760000 - 0x00007ffbb47fd000 	C:\Windows\System32\msvcp_win.dll
0x00007ffbb64f0000 - 0x00007ffbb6522000 	C:\Windows\System32\IMM32.DLL
0x00007ffb99d50000 - 0x00007ffb99d5c000 	c:\Users\Henry\.vscode\extensions\redhat.java-1.30.0-win32-x64\jre\17.0.10-win32-x86_64\bin\vcruntime140_1.dll
0x00007ffb3bf20000 - 0x00007ffb3bfad000 	c:\Users\Henry\.vscode\extensions\redhat.java-1.30.0-win32-x64\jre\17.0.10-win32-x86_64\bin\msvcp140.dll
0x00007ffb38490000 - 0x00007ffb390f2000 	c:\Users\Henry\.vscode\extensions\redhat.java-1.30.0-win32-x64\jre\17.0.10-win32-x86_64\bin\server\jvm.dll
0x00007ffbb6d40000 - 0x00007ffbb6df0000 	C:\Windows\System32\ADVAPI32.dll
0x00007ffbb6df0000 - 0x00007ffbb6e90000 	C:\Windows\System32\sechost.dll
0x00007ffbb4f00000 - 0x00007ffbb5025000 	C:\Windows\System32\RPCRT4.dll
0x00007ffbb4730000 - 0x00007ffbb4757000 	C:\Windows\System32\bcrypt.dll
0x00007ffba8260000 - 0x00007ffba8269000 	C:\Windows\SYSTEM32\WSOCK32.dll
0x00007ffba64e0000 - 0x00007ffba6507000 	C:\Windows\SYSTEM32\WINMM.dll
0x00007ffbb4180000 - 0x00007ffbb41cb000 	C:\Windows\SYSTEM32\POWRPROF.dll
0x00007ffbb5f30000 - 0x00007ffbb5f9b000 	C:\Windows\System32\WS2_32.dll
0x00007ffbadda0000 - 0x00007ffbaddaa000 	C:\Windows\SYSTEM32\VERSION.dll
0x00007ffbb3eb0000 - 0x00007ffbb3ec2000 	C:\Windows\SYSTEM32\UMPDC.dll
0x00007ffbb1de0000 - 0x00007ffbb1df2000 	C:\Windows\SYSTEM32\kernel.appcore.dll
0x00007ffb98d40000 - 0x00007ffb98d4a000 	c:\Users\Henry\.vscode\extensions\redhat.java-1.30.0-win32-x64\jre\17.0.10-win32-x86_64\bin\jimage.dll
0x00007ffbb3f90000 - 0x00007ffbb4174000 	C:\Windows\SYSTEM32\DBGHELP.DLL
0x00007ffbb3ed0000 - 0x00007ffbb3f04000 	C:\Windows\SYSTEM32\dbgcore.DLL
0x00007ffbb4b70000 - 0x00007ffbb4bf2000 	C:\Windows\System32\bcryptPrimitives.dll
0x00007ffb98d30000 - 0x00007ffb98d3e000 	c:\Users\Henry\.vscode\extensions\redhat.java-1.30.0-win32-x64\jre\17.0.10-win32-x86_64\bin\instrument.dll
0x00007ffb98d00000 - 0x00007ffb98d25000 	c:\Users\Henry\.vscode\extensions\redhat.java-1.30.0-win32-x64\jre\17.0.10-win32-x86_64\bin\java.dll
0x00007ffb3d020000 - 0x00007ffb3d038000 	c:\Users\Henry\.vscode\extensions\redhat.java-1.30.0-win32-x64\jre\17.0.10-win32-x86_64\bin\zip.dll
0x00007ffbb6530000 - 0x00007ffbb6c9b000 	C:\Windows\System32\SHELL32.dll
0x00007ffbb1fe0000 - 0x00007ffbb277e000 	C:\Windows\SYSTEM32\windows.storage.dll
0x00007ffbb5bd0000 - 0x00007ffbb5f23000 	C:\Windows\System32\combase.dll
0x00007ffbb3890000 - 0x00007ffbb38be000 	C:\Windows\SYSTEM32\Wldp.dll
0x00007ffbb52c0000 - 0x00007ffbb538d000 	C:\Windows\System32\OLEAUT32.dll
0x00007ffbb5090000 - 0x00007ffbb513d000 	C:\Windows\System32\SHCORE.dll
0x00007ffbb5150000 - 0x00007ffbb51a5000 	C:\Windows\System32\shlwapi.dll
0x00007ffbb44b0000 - 0x00007ffbb44d5000 	C:\Windows\SYSTEM32\profapi.dll
0x00007ffb3bd20000 - 0x00007ffb3bd39000 	C:\Users\Henry\.vscode\extensions\redhat.java-1.30.0-win32-x64\jre\17.0.10-win32-x86_64\bin\net.dll
0x00007ffbadf60000 - 0x00007ffbae06a000 	C:\Windows\SYSTEM32\WINHTTP.dll
0x00007ffbb3610000 - 0x00007ffbb367a000 	C:\Windows\system32\mswsock.dll
0x00007ffb3bd00000 - 0x00007ffb3bd16000 	C:\Users\Henry\.vscode\extensions\redhat.java-1.30.0-win32-x64\jre\17.0.10-win32-x86_64\bin\nio.dll
0x00007ffb95260000 - 0x00007ffb95270000 	c:\Users\Henry\.vscode\extensions\redhat.java-1.30.0-win32-x64\jre\17.0.10-win32-x86_64\bin\verify.dll
0x00007ffb39e20000 - 0x00007ffb39e5e000 	C:\Users\Henry\AppData\Roaming\Code\User\globalStorage\redhat.java\1.30.0\config_win\org.eclipse.equinox.launcher\org.eclipse.equinox.launcher.win32.win32.x86_64_1.2.900.v20240213-1244\eclipse_11900.dll
0x00007ffbb5aa0000 - 0x00007ffbb5bcb000 	C:\Windows\System32\ole32.dll
0x00007ffbb42f0000 - 0x00007ffbb4308000 	C:\Windows\SYSTEM32\CRYPTSP.dll
0x00007ffbb2fa0000 - 0x00007ffbb2fd4000 	C:\Windows\system32\rsaenh.dll
0x00007ffbb4470000 - 0x00007ffbb449e000 	C:\Windows\SYSTEM32\USERENV.dll
0x00007ffbb3800000 - 0x00007ffbb380c000 	C:\Windows\SYSTEM32\CRYPTBASE.dll
0x00007ffbb3300000 - 0x00007ffbb333b000 	C:\Windows\SYSTEM32\IPHLPAPI.DLL
0x00007ffbb54b0000 - 0x00007ffbb54b8000 	C:\Windows\System32\NSI.dll
0x00007ffbae570000 - 0x00007ffbae587000 	C:\Windows\SYSTEM32\dhcpcsvc6.DLL
0x00007ffbae4f0000 - 0x00007ffbae50d000 	C:\Windows\SYSTEM32\dhcpcsvc.DLL
0x00007ffbb3340000 - 0x00007ffbb340b000 	C:\Windows\SYSTEM32\DNSAPI.dll
0x00007ffbab3b0000 - 0x00007ffbab3f5000 	C:\Users\Henry\AppData\Local\Temp\jna-69611768\jna2904756690596255692.dll
0x00007ffbb5140000 - 0x00007ffbb5148000 	C:\Windows\System32\PSAPI.DLL
0x00007ffbab3a0000 - 0x00007ffbab3ae000 	C:\Users\Henry\.vscode\extensions\redhat.java-1.30.0-win32-x64\jre\17.0.10-win32-x86_64\bin\sunmscapi.dll
0x00007ffbb4c00000 - 0x00007ffbb4d5d000 	C:\Windows\System32\CRYPT32.dll
0x00007ffbb3900000 - 0x00007ffbb3928000 	C:\Windows\SYSTEM32\ncrypt.dll
0x00007ffbb38c0000 - 0x00007ffbb38fb000 	C:\Windows\SYSTEM32\NTASN1.dll
0x00007ffbac890000 - 0x00007ffbac89a000 	C:\Windows\System32\rasadhlp.dll
0x00007ffbac170000 - 0x00007ffbac1f0000 	C:\Windows\System32\fwpuclnt.dll
0x00007ffbab390000 - 0x00007ffbab399000 	C:\Users\Henry\.vscode\extensions\redhat.java-1.30.0-win32-x64\jre\17.0.10-win32-x86_64\bin\extnet.dll
0x00007ffbb42b0000 - 0x00007ffbb42e3000 	C:\Windows\SYSTEM32\ntmarta.dll
0x00007ffbafc90000 - 0x00007ffbafc97000 	C:\Windows\system32\wshunix.dll

dbghelp: loaded successfully - version: 4.0.5 - missing functions: none
symbol engine: initialized successfully - sym options: 0x614 - pdb path: .;c:\Users\Henry\.vscode\extensions\redhat.java-1.30.0-win32-x64\jre\17.0.10-win32-x86_64\bin;C:\Windows\SYSTEM32;C:\Windows\WinSxS\amd64_microsoft.windows.common-controls_6595b64144ccf1df_6.0.19041.3636_none_60b6a03d71f818d5;c:\Users\Henry\.vscode\extensions\redhat.java-1.30.0-win32-x64\jre\17.0.10-win32-x86_64\bin\server;C:\Users\Henry\AppData\Roaming\Code\User\globalStorage\redhat.java\1.30.0\config_win\org.eclipse.equinox.launcher\org.eclipse.equinox.launcher.win32.win32.x86_64_1.2.900.v20240213-1244;C:\Users\Henry\AppData\Local\Temp\jna-69611768

VM Arguments:
jvm_args: --add-modules=ALL-SYSTEM --add-opens=java.base/java.util=ALL-UNNAMED --add-opens=java.base/java.lang=ALL-UNNAMED --add-opens=java.base/sun.nio.fs=ALL-UNNAMED -Declipse.application=org.eclipse.jdt.ls.core.id1 -Dosgi.bundles.defaultStartLevel=4 -Declipse.product=org.eclipse.jdt.ls.core.product -Djava.import.generatesMetadataFilesAtProjectRoot=false -DDetectVMInstallationsJob.disabled=true -Dfile.encoding=utf8 -XX:+UseParallelGC -XX:GCTimeRatio=4 -XX:AdaptiveSizePolicyWeight=90 -Dsun.zip.disableMemoryMapping=true -Xmx1G -Xms100m -Xlog:disable -javaagent:c:\Users\Henry\.vscode\extensions\redhat.java-1.30.0-win32-x64\lombok\lombok-1.18.32.jar -XX:+HeapDumpOnOutOfMemoryError -XX:HeapDumpPath=c:\Users\Henry\AppData\Roaming\Code\User\workspaceStorage\fffe41e0cdc49d1f0c5456999632a639\redhat.java -Daether.dependencyCollector.impl=bf 
java_command: c:\Users\Henry\.vscode\extensions\redhat.java-1.30.0-win32-x64\server\plugins\org.eclipse.equinox.launcher_1.6.800.v20240330-1250.jar -configuration c:\Users\Henry\AppData\Roaming\Code\User\globalStorage\redhat.java\1.30.0\config_win -data c:\Users\Henry\AppData\Roaming\Code\User\workspaceStorage\fffe41e0cdc49d1f0c5456999632a639\redhat.java\jdt_ws --pipe=\\.\pipe\lsp-b5ac249e7ae60fea8863c9ef562e068a-sock
java_class_path (initial): c:\Users\Henry\.vscode\extensions\redhat.java-1.30.0-win32-x64\server\plugins\org.eclipse.equinox.launcher_1.6.800.v20240330-1250.jar
Launcher Type: SUN_STANDARD

[Global flags]
    uintx AdaptiveSizePolicyWeight                 = 90                                        {product} {command line}
     intx CICompilerCount                          = 12                                        {product} {ergonomic}
    uintx GCTimeRatio                              = 4                                         {product} {command line}
     bool HeapDumpOnOutOfMemoryError               = true                                   {manageable} {command line}
    ccstr HeapDumpPath                             = c:\Users\Henry\AppData\Roaming\Code\User\workspaceStorage\fffe41e0cdc49d1f0c5456999632a639\redhat.java         {manageable} {command line}
   size_t InitialHeapSize                          = 104857600                                 {product} {command line}
   size_t MaxHeapSize                              = 1073741824                                {product} {command line}
   size_t MaxNewSize                               = 357564416                                 {product} {ergonomic}
   size_t MinHeapDeltaBytes                        = 524288                                    {product} {ergonomic}
   size_t MinHeapSize                              = 104857600                                 {product} {command line}
   size_t NewSize                                  = 34603008                                  {product} {ergonomic}
    uintx NonNMethodCodeHeapSize                   = 7602480                                {pd product} {ergonomic}
    uintx NonProfiledCodeHeapSize                  = 122027880                              {pd product} {ergonomic}
   size_t OldSize                                  = 70254592                                  {product} {ergonomic}
    uintx ProfiledCodeHeapSize                     = 122027880                              {pd product} {ergonomic}
    uintx ReservedCodeCacheSize                    = 251658240                              {pd product} {ergonomic}
     bool SegmentedCodeCache                       = true                                      {product} {ergonomic}
   size_t SoftMaxHeapSize                          = 1073741824                             {manageable} {ergonomic}
     bool UseCompressedClassPointers               = true                           {product lp64_product} {ergonomic}
     bool UseCompressedOops                        = true                           {product lp64_product} {ergonomic}
     bool UseLargePagesIndividualAllocation        = false                                  {pd product} {ergonomic}
     bool UseParallelGC                            = true                                      {product} {command line}

Logging:
Log output configuration:
 #0: stdout all=off uptime,level,tags
 #1: stderr all=off uptime,level,tags

Environment Variables:
PATH=C:\Program Files\Common Files\Oracle\Java\javapath;C:\Program Files\Oculus\Support\oculus-runtime;C:\Windows\system32;C:\Windows;C:\Windows\System32\Wbem;C:\Windows\System32\WindowsPowerShell\v1.0\;C:\Windows\System32\OpenSSH\;C:\Program Files (x86)\NVIDIA Corporation\PhysX\Common;C:\Program Files\NVIDIA Corporation\NVIDIA NvDLISR;C:\Program Files\dotnet\;C:\Program Files (x86)\Windows Kits\10\Windows Performance Toolkit\;C:\Program Files\TortoiseSVN\bin;C:\Program Files\Git\cmd;C:\Program Files\CMake\bin;C:\Program Files\Go\bin;C:\Program Files\Docker\Docker\resources\bin;C:\Program Files\nodejs\;C:\ProgramData\chocolatey\bin;C:\ProgramData\chocolatey\lib\maven\apache-maven-3.9.6\bin;C:\Program Files\MySQL\MySQL Shell 8.0\bin\;C:\Users\Henry\AppData\Local\Programs\Python\Python310\Scripts\;C:\Users\Henry\AppData\Local\Programs\Python\Python310\;C:\Users\Henry\AppData\Local\Microsoft\WindowsApps;;C:\Users\Henry\AppData\Local\Programs\Microsoft VS Code\bin;C:\Users\Henry\go\bin;C:\Users\Henry\AppData\Roaming\npm
USERNAME=Henry
OS=Windows_NT
PROCESSOR_IDENTIFIER=Intel64 Family 6 Model 151 Stepping 2, GenuineIntel
TMP=C:\Users\Henry\AppData\Local\Temp
TEMP=C:\Users\Henry\AppData\Local\Temp



Periodic native trim disabled


---------------  S Y S T E M  ---------------

OS:
 Windows 10 , 64 bit Build 19041 (10.0.19041.3636)
OS uptime: 1 days 22:38 hours

CPU: total 20 (initial active 20) (10 cores per cpu, 2 threads per core) family 6 model 151 stepping 2 microcode 0x18, cx8, cmov, fxsr, ht, mmx, 3dnowpref, sse, sse2, sse3, ssse3, sse4.1, sse4.2, popcnt, lzcnt, tsc, tscinvbit, avx, avx2, aes, erms, clmul, bmi1, bmi2, adx, sha, fma, vzeroupper, clflush, clflushopt, clwb
Processor Information for processor 0
  Max Mhz: 3610, Current Mhz: 3610, Mhz Limit: 3610
Processor Information for processor 1
  Max Mhz: 3610, Current Mhz: 3610, Mhz Limit: 3610
Processor Information for processor 2
  Max Mhz: 3610, Current Mhz: 3610, Mhz Limit: 3610
Processor Information for processor 3
  Max Mhz: 3610, Current Mhz: 3610, Mhz Limit: 3610
Processor Information for processor 4
  Max Mhz: 3610, Current Mhz: 3610, Mhz Limit: 3610
Processor Information for processor 5
  Max Mhz: 3610, Current Mhz: 3610, Mhz Limit: 3610
Processor Information for processor 6
  Max Mhz: 3610, Current Mhz: 3610, Mhz Limit: 3610
Processor Information for processor 7
  Max Mhz: 3610, Current Mhz: 3610, Mhz Limit: 3610
Processor Information for processor 8
  Max Mhz: 3610, Current Mhz: 3610, Mhz Limit: 3610
Processor Information for processor 9
  Max Mhz: 3610, Current Mhz: 3610, Mhz Limit: 3610
Processor Information for processor 10
  Max Mhz: 3610, Current Mhz: 3610, Mhz Limit: 3610
Processor Information for processor 11
  Max Mhz: 3610, Current Mhz: 3610, Mhz Limit: 3610
Processor Information for processor 12
  Max Mhz: 3610, Current Mhz: 3610, Mhz Limit: 3610
Processor Information for processor 13
  Max Mhz: 3610, Current Mhz: 3610, Mhz Limit: 3610
Processor Information for processor 14
  Max Mhz: 3610, Current Mhz: 3610, Mhz Limit: 3610
Processor Information for processor 15
  Max Mhz: 3610, Current Mhz: 3610, Mhz Limit: 3610
Processor Information for processor 16
  Max Mhz: 3610, Current Mhz: 2707, Mhz Limit: 2707
Processor Information for processor 17
  Max Mhz: 3610, Current Mhz: 2707, Mhz Limit: 2707
Processor Information for processor 18
  Max Mhz: 3610, Current Mhz: 2707, Mhz Limit: 2707
Processor Information for processor 19
  Max Mhz: 3610, Current Mhz: 2707, Mhz Limit: 2707

Memory: 4k page, system-wide physical 32612M (24547M free)
TotalPageFile size 37476M (AvailPageFile size 25840M)
current process WorkingSet (physical memory assigned to process): 796M, peak: 797M
current process commit charge ("private bytes"): 831M, peak: 836M

vm_info: OpenJDK 64-Bit Server VM (17.0.10+7) for windows-amd64 JRE (17.0.10+7), built on Jan 16 2024 23:25:11 by "admin" with MS VC++ 16.10 / 16.11 (VS2019)

END.
